<?xml version="1.0" encoding="UTF-8"?>
<!-- Generated by org.testng.reporters.JUnitReportReporter -->
<testsuite hostname="Shumson" failures="0" tests="3" name="practice_testNG.My_Second_TestNG" time="25.618" errors="0" timestamp="2023-03-12T16:21:31 EDT" skipped="0">
  <testcase classname="practice_testNG.My_Second_TestNG" name="loginWithValidCredentials" time="10.246"/>
  <system-out/>
  <testcase classname="practice_testNG.My_Second_TestNG" name="loginWithInvalidCredentials" time="9.528"/>
  <system-out/>
  <testcase classname="practice_testNG.My_Second_TestNG" name="loginWithoutValidCredentials" time="5.844"/>
  <system-out/>
</testsuite> <!-- practice_testNG.My_Second_TestNG -->
