<?xml version="1.0" encoding="UTF-8"?>
<!-- Generated by org.testng.reporters.JUnitReportReporter -->
<testsuite hostname="Shumson" failures="0" tests="1" name="locator.SeleniumLocator" time="69.811" errors="0" timestamp="2023-11-10T16:28:45 EST" skipped="0">
  <testcase classname="locator.SeleniumLocator" name="searchLocator" time="69.811"/>
  <system-out/>
</testsuite> <!-- locator.SeleniumLocator -->
