<?xml version="1.0" encoding="UTF-8"?>
<!-- Generated by org.testng.reporters.JUnitReportReporter -->
<testsuite hostname="Shumson" failures="0" tests="1" name="testng_automation_code.InvocationConcepts" time="6.418" errors="0" timestamp="2023-03-11T19:45:20 EST" skipped="0">
  <testcase classname="testng_automation_code.InvocationConcepts" name="tnDemoLogin" time="6.418"/>
  <system-out/>
</testsuite> <!-- testng_automation_code.InvocationConcepts -->
