<?xml version="1.0" encoding="UTF-8"?>
<!-- Generated by org.testng.reporters.JUnitReportReporter -->
<testsuite hostname="Shumson" failures="0" tests="2" name="practice_testNG.My_First_TestNG" time="0.004" errors="0" timestamp="2023-03-12T16:21:31 EDT" skipped="0">
  <testcase classname="practice_testNG.My_First_TestNG" name="testCase2Annotation" time="0.003"/>
  <system-out/>
  <testcase classname="practice_testNG.My_First_TestNG" name="testCase1Annotation" time="0.001"/>
  <system-out/>
</testsuite> <!-- practice_testNG.My_First_TestNG -->
