<?xml version="1.0" encoding="UTF-8"?>
<!-- Generated by org.testng.reporters.JUnitReportReporter -->
<testsuite hostname="Shumson" failures="0" tests="1" name="tutorialninja_project.ValidationPage" time="19.157" errors="0" timestamp="2023-11-13T18:41:29 EST" skipped="0">
  <testcase classname="tutorialninja_project.ValidationPage" name="validationPage" time="19.157"/>
  <system-out/>
</testsuite> <!-- tutorialninja_project.ValidationPage -->
