<?xml version="1.0" encoding="UTF-8"?>
<!-- Generated by org.testng.reporters.JUnitReportReporter -->
<testsuite hostname="Shumson" failures="0" tests="4" name="tutorialninja_project.TutorialNinja" time="32.672" errors="0" timestamp="2023-03-12T21:35:27 EDT" skipped="0">
  <testcase classname="tutorialninja_project.TutorialNinja" name="verifyLoginWitValidCredentials" time="8.339"/>
  <system-out/>
  <testcase classname="tutorialninja_project.TutorialNinja" name="verifyLoginWithInvalidCredentials" time="8.641"/>
  <system-out/>
  <testcase classname="tutorialninja_project.TutorialNinja" name="verifyLoginWithValidEmailAndInvalidPassword" time="8.090"/>
  <system-out/>
  <testcase classname="tutorialninja_project.TutorialNinja" name="verifyLoginWithoutProvidingCredentials" time="7.602"/>
  <system-out/>
</testsuite> <!-- tutorialninja_project.TutorialNinja -->
