<?xml version="1.0" encoding="UTF-8"?>
<!-- Generated by org.testng.reporters.JUnitReportReporter -->
<testsuite hostname="Shumson" failures="0" tests="1" name="practice_testNG.practice_rediff" time="38.609" errors="0" timestamp="2023-03-12T16:21:31 EDT" skipped="0">
  <testcase classname="practice_testNG.practice_rediff" name="UnderstandingRediffElement" time="38.609"/>
  <system-out/>
</testsuite> <!-- practice_testNG.practice_rediff -->
